2024-02-19 16:34:54,043 - DEBUG - 日志模块初始化完成
2024-02-19 16:34:54,052 - DEBUG - 连接到主节点……,本节点端口：50003

2024-02-19 16:34:54,060 - INFO - [31m[1mWARNING: This is a development server. Do not use it in a production deployment. Use a production WSGI server instead.[0m
 * Running on http://localhost:50003
2024-02-19 16:34:54,060 - INFO - [33mPress CTRL+C to quit[0m
2024-02-19 16:34:59,058 - DEBUG - Starting new HTTP connection (1): localhost:5000
2024-02-19 16:34:59,063 - DEBUG - http://localhost:5000 "POST /register HTTP/1.1" 200 21
2024-02-19 16:34:59,069 - DEBUG - receive_model_thread started
2024-02-19 16:34:59,070 - INFO - 127.0.0.1 - - [19/Feb/2024 16:34:59] "POST /receive_model HTTP/1.1" 200 -
2024-02-19 16:34:59,074 - DEBUG - LOGGER-INFO: global model received
2024-02-19 16:34:59,082 - DEBUG - Accuracy of received model: 0.6516290726817042
2024-02-19 16:34:59,082 - DEBUG - Precision of received model: 0.9615384615384616
2024-02-19 16:34:59,082 - DEBUG - Recall of received model: 0.425531914893617
2024-02-19 16:34:59,083 - DEBUG - F1 Score of received model: 0.5899705014749262
2024-02-19 16:34:59,083 - DEBUG - 接收到全局模型，训练中
2024-02-19 16:34:59,083 - DEBUG - Using device: cpu
2024-02-19 16:34:59,090 - DEBUG - Epoch 1/10:
2024-02-19 16:34:59,090 - DEBUG - Loss: 66.45830535888672
2024-02-19 16:34:59,090 - DEBUG - Accuracy: 0.6591478696741855
2024-02-19 16:34:59,090 - DEBUG - Precision: 0.9380530973451328
2024-02-19 16:34:59,090 - DEBUG - Recall: 0.451063829787234
2024-02-19 16:34:59,090 - DEBUG - F1 Score: 0.6091954022988506
2024-02-19 16:34:59,098 - DEBUG - Epoch 2/10:
2024-02-19 16:34:59,098 - DEBUG - Loss: 52.98210525512695
2024-02-19 16:34:59,098 - DEBUG - Accuracy: 0.6491228070175439
2024-02-19 16:34:59,098 - DEBUG - Precision: 0.8861788617886179
2024-02-19 16:34:59,098 - DEBUG - Recall: 0.46382978723404256
2024-02-19 16:34:59,098 - DEBUG - F1 Score: 0.6089385474860335
2024-02-19 16:34:59,104 - DEBUG - Epoch 3/10:
2024-02-19 16:34:59,104 - DEBUG - Loss: 37.494171142578125
2024-02-19 16:34:59,104 - DEBUG - Accuracy: 0.656641604010025
2024-02-19 16:34:59,104 - DEBUG - Precision: 0.9083333333333333
2024-02-19 16:34:59,104 - DEBUG - Recall: 0.46382978723404256
2024-02-19 16:34:59,104 - DEBUG - F1 Score: 0.6140845070422535
2024-02-19 16:34:59,110 - DEBUG - Epoch 4/10:
2024-02-19 16:34:59,110 - DEBUG - Loss: 33.095603942871094
2024-02-19 16:34:59,110 - DEBUG - Accuracy: 0.6541353383458647
2024-02-19 16:34:59,110 - DEBUG - Precision: 0.9008264462809917
2024-02-19 16:34:59,110 - DEBUG - Recall: 0.46382978723404256
2024-02-19 16:34:59,110 - DEBUG - F1 Score: 0.6123595505617978
2024-02-19 16:34:59,116 - DEBUG - Epoch 5/10:
2024-02-19 16:34:59,116 - DEBUG - Loss: 22.68637466430664
2024-02-19 16:34:59,116 - DEBUG - Accuracy: 0.6516290726817042
2024-02-19 16:34:59,116 - DEBUG - Precision: 0.8934426229508197
2024-02-19 16:34:59,116 - DEBUG - Recall: 0.46382978723404256
2024-02-19 16:34:59,116 - DEBUG - F1 Score: 0.6106442577030813
2024-02-19 16:34:59,122 - DEBUG - Epoch 6/10:
2024-02-19 16:34:59,122 - DEBUG - Loss: 18.095020294189453
2024-02-19 16:34:59,122 - DEBUG - Accuracy: 0.6441102756892231
2024-02-19 16:34:59,122 - DEBUG - Precision: 0.872
2024-02-19 16:34:59,122 - DEBUG - Recall: 0.46382978723404256
2024-02-19 16:34:59,122 - DEBUG - F1 Score: 0.6055555555555555
2024-02-19 16:34:59,128 - DEBUG - Epoch 7/10:
2024-02-19 16:34:59,129 - DEBUG - Loss: 13.626167297363281
2024-02-19 16:34:59,129 - DEBUG - Accuracy: 0.6441102756892231
2024-02-19 16:34:59,129 - DEBUG - Precision: 0.872
2024-02-19 16:34:59,129 - DEBUG - Recall: 0.46382978723404256
2024-02-19 16:34:59,129 - DEBUG - F1 Score: 0.6055555555555555
2024-02-19 16:34:59,135 - DEBUG - Epoch 8/10:
2024-02-19 16:34:59,135 - DEBUG - Loss: 10.518524169921875
2024-02-19 16:34:59,135 - DEBUG - Accuracy: 0.6290726817042607
2024-02-19 16:34:59,135 - DEBUG - Precision: 0.848
2024-02-19 16:34:59,135 - DEBUG - Recall: 0.451063829787234
2024-02-19 16:34:59,135 - DEBUG - F1 Score: 0.5888888888888889
2024-02-19 16:34:59,141 - DEBUG - Epoch 9/10:
2024-02-19 16:34:59,141 - DEBUG - Loss: 7.782822132110596
2024-02-19 16:34:59,141 - DEBUG - Accuracy: 0.6240601503759399
2024-02-19 16:34:59,141 - DEBUG - Precision: 0.8695652173913043
2024-02-19 16:34:59,141 - DEBUG - Recall: 0.425531914893617
2024-02-19 16:34:59,141 - DEBUG - F1 Score: 0.5714285714285714
2024-02-19 16:34:59,147 - DEBUG - Epoch 10/10:
2024-02-19 16:34:59,147 - DEBUG - Loss: 5.5300774574279785
2024-02-19 16:34:59,147 - DEBUG - Accuracy: 0.6190476190476191
2024-02-19 16:34:59,147 - DEBUG - Precision: 0.9029126213592233
2024-02-19 16:34:59,147 - DEBUG - Recall: 0.39574468085106385
2024-02-19 16:34:59,147 - DEBUG - F1 Score: 0.5502958579881657
2024-02-19 16:34:59,147 - DEBUG - learning rate 0.01, epoch 10 and dimension 2,Maximum accuracy of 65.91% at epoch 1
2024-02-19 16:34:59,147 - DEBUG - 发送本地训练结果至主节点……
2024-02-19 16:34:59,148 - DEBUG - 0.6591
2024-02-19 16:34:59,149 - DEBUG - Starting new HTTP connection (1): localhost:5000
2024-02-19 16:34:59,153 - DEBUG - http://localhost:5000 "POST /upload_model HTTP/1.1" 200 21
2024-02-19 16:34:59,154 - DEBUG - Drone 3: Model uploaded successfully.
2024-02-19 16:34:59,154 - DEBUG - 发送完毕……
2024-02-20 11:00:35,936 - DEBUG - 日志模块初始化完成
2024-02-20 11:00:35,945 - DEBUG - 连接到主节点……,本节点端口：50003

2024-02-20 11:00:35,953 - INFO - [31m[1mWARNING: This is a development server. Do not use it in a production deployment. Use a production WSGI server instead.[0m
 * Running on http://localhost:50003
2024-02-20 11:00:35,953 - INFO - [33mPress CTRL+C to quit[0m
2024-02-20 11:00:41,954 - DEBUG - Starting new HTTP connection (1): localhost:5000
2024-02-20 11:00:41,963 - DEBUG - http://localhost:5000 "POST /register HTTP/1.1" 200 21
2024-02-20 11:00:41,974 - DEBUG - receive_model_thread started
2024-02-20 11:00:41,975 - INFO - 127.0.0.1 - - [20/Feb/2024 11:00:41] "POST /receive_model HTTP/1.1" 200 -
2024-02-20 11:00:41,977 - DEBUG - LOGGER-INFO: global model received
2024-02-20 11:00:41,995 - DEBUG - Accuracy of received model: 0.6516290726817042
2024-02-20 11:00:41,995 - DEBUG - Precision of received model: 0.9615384615384616
2024-02-20 11:00:41,995 - DEBUG - Recall of received model: 0.425531914893617
2024-02-20 11:00:41,995 - DEBUG - F1 Score of received model: 0.5899705014749262
2024-02-20 11:00:41,995 - DEBUG - 接收到全局模型，训练中
2024-02-20 11:00:41,996 - DEBUG - Using device: cpu
2024-02-20 11:00:42,040 - DEBUG - Epoch 1/10:
2024-02-20 11:00:42,040 - DEBUG - Loss: 66.45830535888672
2024-02-20 11:00:42,041 - DEBUG - Accuracy: 0.6591478696741855
2024-02-20 11:00:42,041 - DEBUG - Precision: 0.9380530973451328
2024-02-20 11:00:42,041 - DEBUG - Recall: 0.451063829787234
2024-02-20 11:00:42,041 - DEBUG - F1 Score: 0.6091954022988506
2024-02-20 11:00:42,066 - DEBUG - Epoch 2/10:
2024-02-20 11:00:42,066 - DEBUG - Loss: 52.98210525512695
2024-02-20 11:00:42,066 - DEBUG - Accuracy: 0.6491228070175439
2024-02-20 11:00:42,066 - DEBUG - Precision: 0.8861788617886179
2024-02-20 11:00:42,066 - DEBUG - Recall: 0.46382978723404256
2024-02-20 11:00:42,066 - DEBUG - F1 Score: 0.6089385474860335
2024-02-20 11:00:42,124 - DEBUG - Epoch 3/10:
2024-02-20 11:00:42,124 - DEBUG - Loss: 37.494171142578125
2024-02-20 11:00:42,124 - DEBUG - Accuracy: 0.656641604010025
2024-02-20 11:00:42,124 - DEBUG - Precision: 0.9083333333333333
2024-02-20 11:00:42,124 - DEBUG - Recall: 0.46382978723404256
2024-02-20 11:00:42,124 - DEBUG - F1 Score: 0.6140845070422535
2024-02-20 11:00:42,178 - DEBUG - Epoch 4/10:
2024-02-20 11:00:42,179 - DEBUG - Loss: 33.095603942871094
2024-02-20 11:00:42,179 - DEBUG - Accuracy: 0.6541353383458647
2024-02-20 11:00:42,179 - DEBUG - Precision: 0.9008264462809917
2024-02-20 11:00:42,179 - DEBUG - Recall: 0.46382978723404256
2024-02-20 11:00:42,179 - DEBUG - F1 Score: 0.6123595505617978
2024-02-20 11:00:42,495 - DEBUG - Epoch 5/10:
2024-02-20 11:00:42,495 - DEBUG - Loss: 22.68637466430664
2024-02-20 11:00:42,495 - DEBUG - Accuracy: 0.6516290726817042
2024-02-20 11:00:42,496 - DEBUG - Precision: 0.8934426229508197
2024-02-20 11:00:42,496 - DEBUG - Recall: 0.46382978723404256
2024-02-20 11:00:42,496 - DEBUG - F1 Score: 0.6106442577030813
2024-02-20 11:00:42,653 - DEBUG - Epoch 6/10:
2024-02-20 11:00:42,653 - DEBUG - Loss: 18.095020294189453
2024-02-20 11:00:42,653 - DEBUG - Accuracy: 0.6441102756892231
2024-02-20 11:00:42,653 - DEBUG - Precision: 0.872
2024-02-20 11:00:42,653 - DEBUG - Recall: 0.46382978723404256
2024-02-20 11:00:42,653 - DEBUG - F1 Score: 0.6055555555555555
2024-02-20 11:00:42,804 - DEBUG - Epoch 7/10:
2024-02-20 11:00:42,804 - DEBUG - Loss: 13.626167297363281
2024-02-20 11:00:42,804 - DEBUG - Accuracy: 0.6441102756892231
2024-02-20 11:00:42,804 - DEBUG - Precision: 0.872
2024-02-20 11:00:42,804 - DEBUG - Recall: 0.46382978723404256
2024-02-20 11:00:42,804 - DEBUG - F1 Score: 0.6055555555555555
2024-02-20 11:00:42,851 - DEBUG - Epoch 8/10:
2024-02-20 11:00:42,851 - DEBUG - Loss: 10.518524169921875
2024-02-20 11:00:42,851 - DEBUG - Accuracy: 0.6290726817042607
2024-02-20 11:00:42,851 - DEBUG - Precision: 0.848
2024-02-20 11:00:42,851 - DEBUG - Recall: 0.451063829787234
2024-02-20 11:00:42,851 - DEBUG - F1 Score: 0.5888888888888889
2024-02-20 11:00:42,887 - DEBUG - Epoch 9/10:
2024-02-20 11:00:42,887 - DEBUG - Loss: 7.782822132110596
2024-02-20 11:00:42,887 - DEBUG - Accuracy: 0.6240601503759399
2024-02-20 11:00:42,887 - DEBUG - Precision: 0.8695652173913043
2024-02-20 11:00:42,887 - DEBUG - Recall: 0.425531914893617
2024-02-20 11:00:42,887 - DEBUG - F1 Score: 0.5714285714285714
2024-02-20 11:00:42,901 - DEBUG - Epoch 10/10:
2024-02-20 11:00:42,901 - DEBUG - Loss: 5.5300774574279785
2024-02-20 11:00:42,901 - DEBUG - Accuracy: 0.6190476190476191
2024-02-20 11:00:42,902 - DEBUG - Precision: 0.9029126213592233
2024-02-20 11:00:42,902 - DEBUG - Recall: 0.39574468085106385
2024-02-20 11:00:42,902 - DEBUG - F1 Score: 0.5502958579881657
2024-02-20 11:00:42,902 - DEBUG - learning rate 0.01, epoch 10 and dimension 2,Maximum accuracy of 65.91% at epoch 1
2024-02-20 11:00:42,902 - DEBUG - 发送本地训练结果至主节点……
2024-02-20 11:00:42,903 - DEBUG - 0.6591
2024-02-20 11:00:42,905 - DEBUG - Starting new HTTP connection (1): localhost:5000
2024-02-20 11:00:42,915 - DEBUG - http://localhost:5000 "POST /upload_model HTTP/1.1" 500 265
