2024-02-20 11:00:35,670 - DEBUG - 日志模块初始化完成
2024-02-20 11:00:35,684 - DEBUG - 连接到主节点……,本节点端口：50004

2024-02-20 11:00:35,695 - INFO - [31m[1mWARNING: This is a development server. Do not use it in a production deployment. Use a production WSGI server instead.[0m
 * Running on http://localhost:50004
2024-02-20 11:00:35,695 - INFO - [33mPress CTRL+C to quit[0m
2024-02-20 11:00:38,690 - DEBUG - Starting new HTTP connection (1): localhost:5000
2024-02-20 11:00:38,695 - DEBUG - http://localhost:5000 "POST /register HTTP/1.1" 200 21
2024-02-20 11:00:38,702 - DEBUG - receive_model_thread started
2024-02-20 11:00:38,702 - INFO - 127.0.0.1 - - [20/Feb/2024 11:00:38] "POST /receive_model HTTP/1.1" 200 -
2024-02-20 11:00:38,705 - DEBUG - LOGGER-INFO: global model received
2024-02-20 11:00:38,713 - DEBUG - Accuracy of received model: 0.6716791979949874
2024-02-20 11:00:38,713 - DEBUG - Precision of received model: 0.9504950495049505
2024-02-20 11:00:38,713 - DEBUG - Recall of received model: 0.43243243243243246
2024-02-20 11:00:38,713 - DEBUG - F1 Score of received model: 0.5944272445820433
2024-02-20 11:00:38,713 - DEBUG - 接收到全局模型，训练中
2024-02-20 11:00:38,713 - DEBUG - Using device: cpu
2024-02-20 11:00:38,721 - DEBUG - Epoch 1/10:
2024-02-20 11:00:38,721 - DEBUG - Loss: 59.346702575683594
2024-02-20 11:00:38,721 - DEBUG - Accuracy: 0.6716791979949874
2024-02-20 11:00:38,721 - DEBUG - Precision: 0.9595959595959596
2024-02-20 11:00:38,721 - DEBUG - Recall: 0.42792792792792794
2024-02-20 11:00:38,721 - DEBUG - F1 Score: 0.5919003115264797
2024-02-20 11:00:38,728 - DEBUG - Epoch 2/10:
2024-02-20 11:00:38,728 - DEBUG - Loss: 46.20176315307617
2024-02-20 11:00:38,728 - DEBUG - Accuracy: 0.6716791979949874
2024-02-20 11:00:38,728 - DEBUG - Precision: 0.9333333333333333
2024-02-20 11:00:38,728 - DEBUG - Recall: 0.44144144144144143
2024-02-20 11:00:38,728 - DEBUG - F1 Score: 0.599388379204893
2024-02-20 11:00:38,735 - DEBUG - Epoch 3/10:
2024-02-20 11:00:38,735 - DEBUG - Loss: 38.137481689453125
2024-02-20 11:00:38,735 - DEBUG - Accuracy: 0.6741854636591479
2024-02-20 11:00:38,735 - DEBUG - Precision: 0.9259259259259259
2024-02-20 11:00:38,735 - DEBUG - Recall: 0.45045045045045046
2024-02-20 11:00:38,735 - DEBUG - F1 Score: 0.6060606060606061
2024-02-20 11:00:38,743 - DEBUG - Epoch 4/10:
2024-02-20 11:00:38,743 - DEBUG - Loss: 31.358844757080078
2024-02-20 11:00:38,743 - DEBUG - Accuracy: 0.6766917293233082
2024-02-20 11:00:38,743 - DEBUG - Precision: 0.9345794392523364
2024-02-20 11:00:38,743 - DEBUG - Recall: 0.45045045045045046
2024-02-20 11:00:38,743 - DEBUG - F1 Score: 0.60790273556231
2024-02-20 11:00:38,749 - DEBUG - Epoch 5/10:
2024-02-20 11:00:38,749 - DEBUG - Loss: 21.988262176513672
2024-02-20 11:00:38,749 - DEBUG - Accuracy: 0.6842105263157895
2024-02-20 11:00:38,749 - DEBUG - Precision: 0.9615384615384616
2024-02-20 11:00:38,749 - DEBUG - Recall: 0.45045045045045046
2024-02-20 11:00:38,749 - DEBUG - F1 Score: 0.6134969325153374
2024-02-20 11:00:38,756 - DEBUG - Epoch 6/10:
2024-02-20 11:00:38,756 - DEBUG - Loss: 16.01919174194336
2024-02-20 11:00:38,756 - DEBUG - Accuracy: 0.6842105263157895
2024-02-20 11:00:38,756 - DEBUG - Precision: 0.9615384615384616
2024-02-20 11:00:38,756 - DEBUG - Recall: 0.45045045045045046
2024-02-20 11:00:38,756 - DEBUG - F1 Score: 0.6134969325153374
2024-02-20 11:00:38,762 - DEBUG - Epoch 7/10:
2024-02-20 11:00:38,762 - DEBUG - Loss: 11.544428825378418
2024-02-20 11:00:38,762 - DEBUG - Accuracy: 0.6766917293233082
2024-02-20 11:00:38,763 - DEBUG - Precision: 0.9514563106796117
2024-02-20 11:00:38,763 - DEBUG - Recall: 0.44144144144144143
2024-02-20 11:00:38,763 - DEBUG - F1 Score: 0.6030769230769231
2024-02-20 11:00:38,770 - DEBUG - Epoch 8/10:
2024-02-20 11:00:38,770 - DEBUG - Loss: 9.936777114868164
2024-02-20 11:00:38,770 - DEBUG - Accuracy: 0.6716791979949874
2024-02-20 11:00:38,770 - DEBUG - Precision: 0.9504950495049505
2024-02-20 11:00:38,770 - DEBUG - Recall: 0.43243243243243246
2024-02-20 11:00:38,770 - DEBUG - F1 Score: 0.5944272445820433
2024-02-20 11:00:38,778 - DEBUG - Epoch 9/10:
2024-02-20 11:00:38,778 - DEBUG - Loss: 7.599774360656738
2024-02-20 11:00:38,778 - DEBUG - Accuracy: 0.6641604010025063
2024-02-20 11:00:38,778 - DEBUG - Precision: 0.9313725490196079
2024-02-20 11:00:38,778 - DEBUG - Recall: 0.42792792792792794
2024-02-20 11:00:38,778 - DEBUG - F1 Score: 0.5864197530864198
2024-02-20 11:00:38,785 - DEBUG - Epoch 10/10:
2024-02-20 11:00:38,785 - DEBUG - Loss: 5.899267673492432
2024-02-20 11:00:38,785 - DEBUG - Accuracy: 0.6666666666666666
2024-02-20 11:00:38,785 - DEBUG - Precision: 0.9320388349514563
2024-02-20 11:00:38,785 - DEBUG - Recall: 0.43243243243243246
2024-02-20 11:00:38,785 - DEBUG - F1 Score: 0.5907692307692308
2024-02-20 11:00:38,785 - DEBUG - learning rate 0.01, epoch 10 and dimension 2,Maximum accuracy of 68.42% at epoch 5
2024-02-20 11:00:38,785 - DEBUG - 发送本地训练结果至主节点……
2024-02-20 11:00:38,786 - DEBUG - 0.6842
2024-02-20 11:00:38,788 - DEBUG - Starting new HTTP connection (1): localhost:5000
2024-02-20 11:00:38,792 - DEBUG - http://localhost:5000 "POST /upload_model HTTP/1.1" 500 265
