2024-02-20 11:00:35,982 - DEBUG - 日志模块初始化完成
2024-02-20 11:00:35,992 - DEBUG - 连接到主节点……,本节点端口：50005

2024-02-20 11:00:35,999 - INFO - [31m[1mWARNING: This is a development server. Do not use it in a production deployment. Use a production WSGI server instead.[0m
 * Running on http://localhost:50005
2024-02-20 11:00:35,999 - INFO - [33mPress CTRL+C to quit[0m
2024-02-20 11:00:36,996 - DEBUG - Starting new HTTP connection (1): localhost:5000
2024-02-20 11:00:37,002 - DEBUG - http://localhost:5000 "POST /register HTTP/1.1" 200 21
2024-02-20 11:00:37,010 - DEBUG - receive_model_thread started
2024-02-20 11:00:37,011 - INFO - 127.0.0.1 - - [20/Feb/2024 11:00:37] "POST /receive_model HTTP/1.1" 200 -
2024-02-20 11:00:37,014 - DEBUG - LOGGER-INFO: global model received
2024-02-20 11:00:37,028 - DEBUG - Accuracy of received model: 0.6641604010025063
2024-02-20 11:00:37,028 - DEBUG - Precision of received model: 0.9629629629629629
2024-02-20 11:00:37,028 - DEBUG - Recall of received model: 0.37320574162679426
2024-02-20 11:00:37,028 - DEBUG - F1 Score of received model: 0.5379310344827586
2024-02-20 11:00:37,028 - DEBUG - 接收到全局模型，训练中
2024-02-20 11:00:37,028 - DEBUG - Using device: cpu
2024-02-20 11:00:37,037 - DEBUG - Epoch 1/10:
2024-02-20 11:00:37,037 - DEBUG - Loss: 67.13865661621094
2024-02-20 11:00:37,037 - DEBUG - Accuracy: 0.6766917293233082
2024-02-20 11:00:37,037 - DEBUG - Precision: 0.9444444444444444
2024-02-20 11:00:37,037 - DEBUG - Recall: 0.40669856459330145
2024-02-20 11:00:37,037 - DEBUG - F1 Score: 0.568561872909699
2024-02-20 11:00:37,044 - DEBUG - Epoch 2/10:
2024-02-20 11:00:37,045 - DEBUG - Loss: 49.250850677490234
2024-02-20 11:00:37,045 - DEBUG - Accuracy: 0.6691729323308271
2024-02-20 11:00:37,045 - DEBUG - Precision: 0.9052631578947369
2024-02-20 11:00:37,045 - DEBUG - Recall: 0.41148325358851673
2024-02-20 11:00:37,045 - DEBUG - F1 Score: 0.5657894736842105
2024-02-20 11:00:37,052 - DEBUG - Epoch 3/10:
2024-02-20 11:00:37,052 - DEBUG - Loss: 39.788246154785156
2024-02-20 11:00:37,052 - DEBUG - Accuracy: 0.6641604010025063
2024-02-20 11:00:37,052 - DEBUG - Precision: 0.8865979381443299
2024-02-20 11:00:37,052 - DEBUG - Recall: 0.41148325358851673
2024-02-20 11:00:37,052 - DEBUG - F1 Score: 0.5620915032679739
2024-02-20 11:00:37,059 - DEBUG - Epoch 4/10:
2024-02-20 11:00:37,059 - DEBUG - Loss: 31.00971221923828
2024-02-20 11:00:37,059 - DEBUG - Accuracy: 0.6516290726817042
2024-02-20 11:00:37,059 - DEBUG - Precision: 0.8723404255319149
2024-02-20 11:00:37,059 - DEBUG - Recall: 0.3923444976076555
2024-02-20 11:00:37,059 - DEBUG - F1 Score: 0.5412541254125413
2024-02-20 11:00:37,066 - DEBUG - Epoch 5/10:
2024-02-20 11:00:37,066 - DEBUG - Loss: 23.703516006469727
2024-02-20 11:00:37,066 - DEBUG - Accuracy: 0.6541353383458647
2024-02-20 11:00:37,066 - DEBUG - Precision: 0.8817204301075269
2024-02-20 11:00:37,066 - DEBUG - Recall: 0.3923444976076555
2024-02-20 11:00:37,066 - DEBUG - F1 Score: 0.543046357615894
2024-02-20 11:00:37,073 - DEBUG - Epoch 6/10:
2024-02-20 11:00:37,073 - DEBUG - Loss: 17.245983123779297
2024-02-20 11:00:37,073 - DEBUG - Accuracy: 0.6441102756892231
2024-02-20 11:00:37,073 - DEBUG - Precision: 0.845360824742268
2024-02-20 11:00:37,073 - DEBUG - Recall: 0.3923444976076555
2024-02-20 11:00:37,073 - DEBUG - F1 Score: 0.5359477124183006
2024-02-20 11:00:37,080 - DEBUG - Epoch 7/10:
2024-02-20 11:00:37,080 - DEBUG - Loss: 14.212790489196777
2024-02-20 11:00:37,080 - DEBUG - Accuracy: 0.6390977443609023
2024-02-20 11:00:37,080 - DEBUG - Precision: 0.8282828282828283
2024-02-20 11:00:37,080 - DEBUG - Recall: 0.3923444976076555
2024-02-20 11:00:37,080 - DEBUG - F1 Score: 0.5324675324675324
2024-02-20 11:00:37,087 - DEBUG - Epoch 8/10:
2024-02-20 11:00:37,087 - DEBUG - Loss: 8.898959159851074
2024-02-20 11:00:37,087 - DEBUG - Accuracy: 0.6390977443609023
2024-02-20 11:00:37,087 - DEBUG - Precision: 0.8282828282828283
2024-02-20 11:00:37,087 - DEBUG - Recall: 0.3923444976076555
2024-02-20 11:00:37,087 - DEBUG - F1 Score: 0.5324675324675324
2024-02-20 11:00:37,093 - DEBUG - Epoch 9/10:
2024-02-20 11:00:37,093 - DEBUG - Loss: 7.674177646636963
2024-02-20 11:00:37,094 - DEBUG - Accuracy: 0.6441102756892231
2024-02-20 11:00:37,094 - DEBUG - Precision: 0.845360824742268
2024-02-20 11:00:37,094 - DEBUG - Recall: 0.3923444976076555
2024-02-20 11:00:37,094 - DEBUG - F1 Score: 0.5359477124183006
2024-02-20 11:00:37,100 - DEBUG - Epoch 10/10:
2024-02-20 11:00:37,100 - DEBUG - Loss: 5.031445026397705
2024-02-20 11:00:37,100 - DEBUG - Accuracy: 0.6340852130325815
2024-02-20 11:00:37,100 - DEBUG - Precision: 0.8539325842696629
2024-02-20 11:00:37,100 - DEBUG - Recall: 0.36363636363636365
2024-02-20 11:00:37,100 - DEBUG - F1 Score: 0.5100671140939598
2024-02-20 11:00:37,100 - DEBUG - learning rate 0.01, epoch 10 and dimension 2,Maximum accuracy of 67.67% at epoch 1
2024-02-20 11:00:37,100 - DEBUG - 发送本地训练结果至主节点……
2024-02-20 11:00:37,101 - DEBUG - 0.6767
2024-02-20 11:00:37,103 - DEBUG - Starting new HTTP connection (1): localhost:5000
2024-02-20 11:00:37,108 - DEBUG - http://localhost:5000 "POST /upload_model HTTP/1.1" 500 265
