2024-02-20 11:00:35,899 - DEBUG - 日志模块初始化完成
2024-02-20 11:00:35,908 - DEBUG - 连接到主节点……,本节点端口：50006

2024-02-20 11:00:35,917 - INFO - [31m[1mWARNING: This is a development server. Do not use it in a production deployment. Use a production WSGI server instead.[0m
 * Running on http://localhost:50006
2024-02-20 11:00:35,917 - INFO - [33mPress CTRL+C to quit[0m
2024-02-20 11:00:36,913 - DEBUG - Starting new HTTP connection (1): localhost:5000
2024-02-20 11:00:36,925 - DEBUG - http://localhost:5000 "POST /register HTTP/1.1" 200 21
2024-02-20 11:00:36,937 - DEBUG - receive_model_thread started
2024-02-20 11:00:36,937 - INFO - 127.0.0.1 - - [20/Feb/2024 11:00:36] "POST /receive_model HTTP/1.1" 200 -
2024-02-20 11:00:36,940 - DEBUG - LOGGER-INFO: global model received
2024-02-20 11:00:36,948 - DEBUG - Accuracy of received model: 0.6265664160401002
2024-02-20 11:00:36,948 - DEBUG - Precision of received model: 0.9789473684210527
2024-02-20 11:00:36,948 - DEBUG - Recall of received model: 0.3875
2024-02-20 11:00:36,948 - DEBUG - F1 Score of received model: 0.5552238805970149
2024-02-20 11:00:36,948 - DEBUG - 接收到全局模型，训练中
2024-02-20 11:00:36,948 - DEBUG - Using device: cpu
2024-02-20 11:00:36,956 - DEBUG - Epoch 1/10:
2024-02-20 11:00:36,956 - DEBUG - Loss: 57.0632438659668
2024-02-20 11:00:36,956 - DEBUG - Accuracy: 0.6265664160401002
2024-02-20 11:00:36,956 - DEBUG - Precision: 0.941747572815534
2024-02-20 11:00:36,956 - DEBUG - Recall: 0.4041666666666667
2024-02-20 11:00:36,956 - DEBUG - F1 Score: 0.565597667638484
2024-02-20 11:00:36,963 - DEBUG - Epoch 2/10:
2024-02-20 11:00:36,963 - DEBUG - Loss: 53.146793365478516
2024-02-20 11:00:36,963 - DEBUG - Accuracy: 0.6215538847117794
2024-02-20 11:00:36,963 - DEBUG - Precision: 0.8869565217391304
2024-02-20 11:00:36,963 - DEBUG - Recall: 0.425
2024-02-20 11:00:36,963 - DEBUG - F1 Score: 0.5746478873239437
2024-02-20 11:00:36,970 - DEBUG - Epoch 3/10:
2024-02-20 11:00:36,970 - DEBUG - Loss: 37.01323318481445
2024-02-20 11:00:36,970 - DEBUG - Accuracy: 0.5989974937343359
2024-02-20 11:00:36,970 - DEBUG - Precision: 0.8174603174603174
2024-02-20 11:00:36,970 - DEBUG - Recall: 0.42916666666666664
2024-02-20 11:00:36,970 - DEBUG - F1 Score: 0.5628415300546448
2024-02-20 11:00:36,976 - DEBUG - Epoch 4/10:
2024-02-20 11:00:36,977 - DEBUG - Loss: 32.54063415527344
2024-02-20 11:00:36,977 - DEBUG - Accuracy: 0.606516290726817
2024-02-20 11:00:36,977 - DEBUG - Precision: 0.8373983739837398
2024-02-20 11:00:36,977 - DEBUG - Recall: 0.42916666666666664
2024-02-20 11:00:36,977 - DEBUG - F1 Score: 0.5674931129476584
2024-02-20 11:00:36,983 - DEBUG - Epoch 5/10:
2024-02-20 11:00:36,983 - DEBUG - Loss: 24.126670837402344
2024-02-20 11:00:36,983 - DEBUG - Accuracy: 0.6115288220551378
2024-02-20 11:00:36,983 - DEBUG - Precision: 0.8695652173913043
2024-02-20 11:00:36,983 - DEBUG - Recall: 0.4166666666666667
2024-02-20 11:00:36,983 - DEBUG - F1 Score: 0.5633802816901409
2024-02-20 11:00:36,990 - DEBUG - Epoch 6/10:
2024-02-20 11:00:36,990 - DEBUG - Loss: 15.998814582824707
2024-02-20 11:00:36,990 - DEBUG - Accuracy: 0.6215538847117794
2024-02-20 11:00:36,990 - DEBUG - Precision: 0.9009009009009009
2024-02-20 11:00:36,990 - DEBUG - Recall: 0.4166666666666667
2024-02-20 11:00:36,990 - DEBUG - F1 Score: 0.5698005698005698
2024-02-20 11:00:36,996 - DEBUG - Epoch 7/10:
2024-02-20 11:00:36,997 - DEBUG - Loss: 13.46125316619873
2024-02-20 11:00:36,997 - DEBUG - Accuracy: 0.6140350877192983
2024-02-20 11:00:36,997 - DEBUG - Precision: 0.8981481481481481
2024-02-20 11:00:36,997 - DEBUG - Recall: 0.4041666666666667
2024-02-20 11:00:36,997 - DEBUG - F1 Score: 0.5574712643678161
2024-02-20 11:00:37,004 - DEBUG - Epoch 8/10:
2024-02-20 11:00:37,004 - DEBUG - Loss: 10.1424560546875
2024-02-20 11:00:37,004 - DEBUG - Accuracy: 0.6115288220551378
2024-02-20 11:00:37,004 - DEBUG - Precision: 0.8899082568807339
2024-02-20 11:00:37,004 - DEBUG - Recall: 0.4041666666666667
2024-02-20 11:00:37,004 - DEBUG - F1 Score: 0.5558739255014327
2024-02-20 11:00:37,012 - DEBUG - Epoch 9/10:
2024-02-20 11:00:37,012 - DEBUG - Loss: 8.029531478881836
2024-02-20 11:00:37,012 - DEBUG - Accuracy: 0.5964912280701754
2024-02-20 11:00:37,012 - DEBUG - Precision: 0.8623853211009175
2024-02-20 11:00:37,012 - DEBUG - Recall: 0.39166666666666666
2024-02-20 11:00:37,012 - DEBUG - F1 Score: 0.5386819484240688
2024-02-20 11:00:37,020 - DEBUG - Epoch 10/10:
2024-02-20 11:00:37,020 - DEBUG - Loss: 6.284008979797363
2024-02-20 11:00:37,020 - DEBUG - Accuracy: 0.5939849624060151
2024-02-20 11:00:37,020 - DEBUG - Precision: 0.8482142857142857
2024-02-20 11:00:37,020 - DEBUG - Recall: 0.3958333333333333
2024-02-20 11:00:37,020 - DEBUG - F1 Score: 0.5397727272727273
2024-02-20 11:00:37,020 - DEBUG - learning rate 0.01, epoch 10 and dimension 2,Maximum accuracy of 62.66% at epoch 1
2024-02-20 11:00:37,020 - DEBUG - 发送本地训练结果至主节点……
2024-02-20 11:00:37,021 - DEBUG - 0.6266
2024-02-20 11:00:37,023 - DEBUG - Starting new HTTP connection (1): localhost:5000
2024-02-20 11:00:37,036 - DEBUG - http://localhost:5000 "POST /upload_model HTTP/1.1" 500 265
