2024-02-20 11:00:35,709 - DEBUG - 日志模块初始化完成
2024-02-20 11:00:35,720 - DEBUG - 连接到主节点……,本节点端口：50007

2024-02-20 11:00:35,729 - INFO - [31m[1mWARNING: This is a development server. Do not use it in a production deployment. Use a production WSGI server instead.[0m
 * Running on http://localhost:50007
2024-02-20 11:00:35,729 - INFO - [33mPress CTRL+C to quit[0m
2024-02-20 11:00:39,727 - DEBUG - Starting new HTTP connection (1): localhost:5000
2024-02-20 11:00:39,733 - DEBUG - http://localhost:5000 "POST /register HTTP/1.1" 200 21
2024-02-20 11:00:39,744 - DEBUG - receive_model_thread started
2024-02-20 11:00:39,745 - INFO - 127.0.0.1 - - [20/Feb/2024 11:00:39] "POST /receive_model HTTP/1.1" 200 -
2024-02-20 11:00:39,748 - DEBUG - LOGGER-INFO: global model received
2024-02-20 11:00:39,757 - DEBUG - Accuracy of received model: 0.6541353383458647
2024-02-20 11:00:39,757 - DEBUG - Precision of received model: 0.935064935064935
2024-02-20 11:00:39,757 - DEBUG - Recall of received model: 0.35121951219512193
2024-02-20 11:00:39,757 - DEBUG - F1 Score of received model: 0.5106382978723404
2024-02-20 11:00:39,757 - DEBUG - 接收到全局模型，训练中
2024-02-20 11:00:39,757 - DEBUG - Using device: cpu
2024-02-20 11:00:39,769 - DEBUG - Epoch 1/10:
2024-02-20 11:00:39,769 - DEBUG - Loss: 63.67265701293945
2024-02-20 11:00:39,769 - DEBUG - Accuracy: 0.6516290726817042
2024-02-20 11:00:39,769 - DEBUG - Precision: 0.9583333333333334
2024-02-20 11:00:39,769 - DEBUG - Recall: 0.33658536585365856
2024-02-20 11:00:39,769 - DEBUG - F1 Score: 0.4981949458483754
2024-02-20 11:00:39,776 - DEBUG - Epoch 2/10:
2024-02-20 11:00:39,776 - DEBUG - Loss: 52.015403747558594
2024-02-20 11:00:39,776 - DEBUG - Accuracy: 0.656641604010025
2024-02-20 11:00:39,776 - DEBUG - Precision: 0.8953488372093024
2024-02-20 11:00:39,776 - DEBUG - Recall: 0.375609756097561
2024-02-20 11:00:39,776 - DEBUG - F1 Score: 0.5292096219931272
2024-02-20 11:00:39,785 - DEBUG - Epoch 3/10:
2024-02-20 11:00:39,785 - DEBUG - Loss: 39.33186340332031
2024-02-20 11:00:39,785 - DEBUG - Accuracy: 0.6215538847117794
2024-02-20 11:00:39,785 - DEBUG - Precision: 0.7647058823529411
2024-02-20 11:00:39,785 - DEBUG - Recall: 0.3804878048780488
2024-02-20 11:00:39,785 - DEBUG - F1 Score: 0.50814332247557
2024-02-20 11:00:39,792 - DEBUG - Epoch 4/10:
2024-02-20 11:00:39,792 - DEBUG - Loss: 32.078285217285156
2024-02-20 11:00:39,792 - DEBUG - Accuracy: 0.6340852130325815
2024-02-20 11:00:39,792 - DEBUG - Precision: 0.8105263157894737
2024-02-20 11:00:39,792 - DEBUG - Recall: 0.375609756097561
2024-02-20 11:00:39,792 - DEBUG - F1 Score: 0.5133333333333333
2024-02-20 11:00:39,799 - DEBUG - Epoch 5/10:
2024-02-20 11:00:39,799 - DEBUG - Loss: 23.041454315185547
2024-02-20 11:00:39,799 - DEBUG - Accuracy: 0.6416040100250626
2024-02-20 11:00:39,800 - DEBUG - Precision: 0.8444444444444444
2024-02-20 11:00:39,800 - DEBUG - Recall: 0.37073170731707317
2024-02-20 11:00:39,800 - DEBUG - F1 Score: 0.5152542372881356
2024-02-20 11:00:39,806 - DEBUG - Epoch 6/10:
2024-02-20 11:00:39,806 - DEBUG - Loss: 17.127225875854492
2024-02-20 11:00:39,807 - DEBUG - Accuracy: 0.6340852130325815
2024-02-20 11:00:39,807 - DEBUG - Precision: 0.8314606741573034
2024-02-20 11:00:39,807 - DEBUG - Recall: 0.36097560975609755
2024-02-20 11:00:39,807 - DEBUG - F1 Score: 0.5034013605442177
2024-02-20 11:00:39,816 - DEBUG - Epoch 7/10:
2024-02-20 11:00:39,816 - DEBUG - Loss: 13.188636779785156
2024-02-20 11:00:39,816 - DEBUG - Accuracy: 0.631578947368421
2024-02-20 11:00:39,816 - DEBUG - Precision: 0.8295454545454546
2024-02-20 11:00:39,816 - DEBUG - Recall: 0.35609756097560974
2024-02-20 11:00:39,816 - DEBUG - F1 Score: 0.49829351535836175
2024-02-20 11:00:39,823 - DEBUG - Epoch 8/10:
2024-02-20 11:00:39,823 - DEBUG - Loss: 9.62409782409668
2024-02-20 11:00:39,823 - DEBUG - Accuracy: 0.6340852130325815
2024-02-20 11:00:39,823 - DEBUG - Precision: 0.8470588235294118
2024-02-20 11:00:39,823 - DEBUG - Recall: 0.35121951219512193
2024-02-20 11:00:39,823 - DEBUG - F1 Score: 0.496551724137931
2024-02-20 11:00:39,830 - DEBUG - Epoch 9/10:
2024-02-20 11:00:39,830 - DEBUG - Loss: 7.813455581665039
2024-02-20 11:00:39,830 - DEBUG - Accuracy: 0.6390977443609023
2024-02-20 11:00:39,830 - DEBUG - Precision: 0.8674698795180723
2024-02-20 11:00:39,830 - DEBUG - Recall: 0.35121951219512193
2024-02-20 11:00:39,830 - DEBUG - F1 Score: 0.5
2024-02-20 11:00:39,836 - DEBUG - Epoch 10/10:
2024-02-20 11:00:39,836 - DEBUG - Loss: 5.602346420288086
2024-02-20 11:00:39,836 - DEBUG - Accuracy: 0.6516290726817042
2024-02-20 11:00:39,836 - DEBUG - Precision: 0.875
2024-02-20 11:00:39,837 - DEBUG - Recall: 0.375609756097561
2024-02-20 11:00:39,837 - DEBUG - F1 Score: 0.5255972696245734
2024-02-20 11:00:39,837 - DEBUG - learning rate 0.01, epoch 10 and dimension 2,Maximum accuracy of 65.66% at epoch 2
2024-02-20 11:00:39,837 - DEBUG - 发送本地训练结果至主节点……
2024-02-20 11:00:39,838 - DEBUG - 0.6566
2024-02-20 11:00:39,839 - DEBUG - Starting new HTTP connection (1): localhost:5000
2024-02-20 11:00:39,847 - DEBUG - http://localhost:5000 "POST /upload_model HTTP/1.1" 500 265
