2024-02-20 11:00:35,935 - DEBUG - 日志模块初始化完成
2024-02-20 11:00:35,944 - DEBUG - 连接到主节点……,本节点端口：50008

2024-02-20 11:00:35,952 - INFO - [31m[1mWARNING: This is a development server. Do not use it in a production deployment. Use a production WSGI server instead.[0m
 * Running on http://localhost:50008
2024-02-20 11:00:35,952 - INFO - [33mPress CTRL+C to quit[0m
2024-02-20 11:00:41,954 - DEBUG - Starting new HTTP connection (1): localhost:5000
2024-02-20 11:00:41,961 - DEBUG - http://localhost:5000 "POST /register HTTP/1.1" 200 21
2024-02-20 11:00:41,974 - DEBUG - receive_model_thread started
2024-02-20 11:00:41,975 - INFO - 127.0.0.1 - - [20/Feb/2024 11:00:41] "POST /receive_model HTTP/1.1" 200 -
2024-02-20 11:00:41,977 - DEBUG - LOGGER-INFO: global model received
2024-02-20 11:00:42,030 - DEBUG - Accuracy of received model: 0.6942355889724311
2024-02-20 11:00:42,030 - DEBUG - Precision of received model: 0.896551724137931
2024-02-20 11:00:42,030 - DEBUG - Recall of received model: 0.4083769633507853
2024-02-20 11:00:42,030 - DEBUG - F1 Score of received model: 0.5611510791366906
2024-02-20 11:00:42,030 - DEBUG - 接收到全局模型，训练中
2024-02-20 11:00:42,030 - DEBUG - Using device: cpu
2024-02-20 11:00:42,106 - DEBUG - Epoch 1/10:
2024-02-20 11:00:42,106 - DEBUG - Loss: 63.73588943481445
2024-02-20 11:00:42,106 - DEBUG - Accuracy: 0.6942355889724311
2024-02-20 11:00:42,106 - DEBUG - Precision: 0.8709677419354839
2024-02-20 11:00:42,106 - DEBUG - Recall: 0.42408376963350786
2024-02-20 11:00:42,106 - DEBUG - F1 Score: 0.5704225352112676
2024-02-20 11:00:42,128 - DEBUG - Epoch 2/10:
2024-02-20 11:00:42,128 - DEBUG - Loss: 54.397865295410156
2024-02-20 11:00:42,128 - DEBUG - Accuracy: 0.7092731829573935
2024-02-20 11:00:42,128 - DEBUG - Precision: 0.8787878787878788
2024-02-20 11:00:42,128 - DEBUG - Recall: 0.45549738219895286
2024-02-20 11:00:42,128 - DEBUG - F1 Score: 0.6
2024-02-20 11:00:42,149 - DEBUG - Epoch 3/10:
2024-02-20 11:00:42,150 - DEBUG - Loss: 39.62782669067383
2024-02-20 11:00:42,150 - DEBUG - Accuracy: 0.6867167919799498
2024-02-20 11:00:42,150 - DEBUG - Precision: 0.8055555555555556
2024-02-20 11:00:42,150 - DEBUG - Recall: 0.45549738219895286
2024-02-20 11:00:42,150 - DEBUG - F1 Score: 0.5819397993311036
2024-02-20 11:00:42,180 - DEBUG - Epoch 4/10:
2024-02-20 11:00:42,180 - DEBUG - Loss: 30.37455940246582
2024-02-20 11:00:42,180 - DEBUG - Accuracy: 0.6917293233082706
2024-02-20 11:00:42,180 - DEBUG - Precision: 0.8269230769230769
2024-02-20 11:00:42,180 - DEBUG - Recall: 0.450261780104712
2024-02-20 11:00:42,180 - DEBUG - F1 Score: 0.5830508474576271
2024-02-20 11:00:42,530 - DEBUG - Epoch 5/10:
2024-02-20 11:00:42,530 - DEBUG - Loss: 22.446901321411133
2024-02-20 11:00:42,531 - DEBUG - Accuracy: 0.6942355889724311
2024-02-20 11:00:42,531 - DEBUG - Precision: 0.8349514563106796
2024-02-20 11:00:42,531 - DEBUG - Recall: 0.450261780104712
2024-02-20 11:00:42,531 - DEBUG - F1 Score: 0.5850340136054422
2024-02-20 11:00:42,578 - DEBUG - Epoch 6/10:
2024-02-20 11:00:42,578 - DEBUG - Loss: 16.455886840820312
2024-02-20 11:00:42,578 - DEBUG - Accuracy: 0.6917293233082706
2024-02-20 11:00:42,578 - DEBUG - Precision: 0.84
2024-02-20 11:00:42,578 - DEBUG - Recall: 0.4397905759162304
2024-02-20 11:00:42,578 - DEBUG - F1 Score: 0.5773195876288659
2024-02-20 11:00:42,649 - DEBUG - Epoch 7/10:
2024-02-20 11:00:42,649 - DEBUG - Loss: 14.324368476867676
2024-02-20 11:00:42,649 - DEBUG - Accuracy: 0.6942355889724311
2024-02-20 11:00:42,649 - DEBUG - Precision: 0.8556701030927835
2024-02-20 11:00:42,649 - DEBUG - Recall: 0.43455497382198954
2024-02-20 11:00:42,649 - DEBUG - F1 Score: 0.5763888888888888
2024-02-20 11:00:42,835 - DEBUG - Epoch 8/10:
2024-02-20 11:00:42,836 - DEBUG - Loss: 11.27458667755127
2024-02-20 11:00:42,836 - DEBUG - Accuracy: 0.6892230576441103
2024-02-20 11:00:42,836 - DEBUG - Precision: 0.8526315789473684
2024-02-20 11:00:42,836 - DEBUG - Recall: 0.42408376963350786
2024-02-20 11:00:42,836 - DEBUG - F1 Score: 0.5664335664335665
2024-02-20 11:00:42,915 - DEBUG - Epoch 9/10:
2024-02-20 11:00:42,915 - DEBUG - Loss: 8.518385887145996
2024-02-20 11:00:42,915 - DEBUG - Accuracy: 0.6867167919799498
2024-02-20 11:00:42,915 - DEBUG - Precision: 0.851063829787234
2024-02-20 11:00:42,915 - DEBUG - Recall: 0.418848167539267
2024-02-20 11:00:42,915 - DEBUG - F1 Score: 0.5614035087719298
2024-02-20 11:00:42,928 - DEBUG - Epoch 10/10:
2024-02-20 11:00:42,928 - DEBUG - Loss: 6.825286865234375
2024-02-20 11:00:42,928 - DEBUG - Accuracy: 0.6842105263157895
2024-02-20 11:00:42,928 - DEBUG - Precision: 0.8494623655913979
2024-02-20 11:00:42,928 - DEBUG - Recall: 0.41361256544502617
2024-02-20 11:00:42,928 - DEBUG - F1 Score: 0.5563380281690141
2024-02-20 11:00:42,928 - DEBUG - learning rate 0.01, epoch 10 and dimension 2,Maximum accuracy of 70.93% at epoch 2
2024-02-20 11:00:42,928 - DEBUG - 发送本地训练结果至主节点……
2024-02-20 11:00:42,929 - DEBUG - 0.7093
2024-02-20 11:00:42,931 - DEBUG - Starting new HTTP connection (1): localhost:5000
2024-02-20 11:00:42,939 - DEBUG - http://localhost:5000 "POST /upload_model HTTP/1.1" 500 265
