2024-02-20 11:00:35,713 - DEBUG - 日志模块初始化完成
2024-02-20 11:00:35,724 - DEBUG - 连接到主节点……,本节点端口：50009

2024-02-20 11:00:35,732 - INFO - [31m[1mWARNING: This is a development server. Do not use it in a production deployment. Use a production WSGI server instead.[0m
 * Running on http://localhost:50009
2024-02-20 11:00:35,732 - INFO - [33mPress CTRL+C to quit[0m
2024-02-20 11:00:39,730 - DEBUG - Starting new HTTP connection (1): localhost:5000
2024-02-20 11:00:39,741 - DEBUG - http://localhost:5000 "POST /register HTTP/1.1" 200 21
2024-02-20 11:00:39,749 - DEBUG - receive_model_thread started
2024-02-20 11:00:39,750 - INFO - 127.0.0.1 - - [20/Feb/2024 11:00:39] "POST /receive_model HTTP/1.1" 200 -
2024-02-20 11:00:39,753 - DEBUG - LOGGER-INFO: global model received
2024-02-20 11:00:39,761 - DEBUG - Accuracy of received model: 0.6842105263157895
2024-02-20 11:00:39,761 - DEBUG - Precision of received model: 0.967741935483871
2024-02-20 11:00:39,761 - DEBUG - Recall of received model: 0.4225352112676056
2024-02-20 11:00:39,761 - DEBUG - F1 Score of received model: 0.5882352941176471
2024-02-20 11:00:39,761 - DEBUG - 接收到全局模型，训练中
2024-02-20 11:00:39,762 - DEBUG - Using device: cpu
2024-02-20 11:00:39,771 - DEBUG - Epoch 1/10:
2024-02-20 11:00:39,771 - DEBUG - Loss: 60.23482894897461
2024-02-20 11:00:39,771 - DEBUG - Accuracy: 0.6591478696741855
2024-02-20 11:00:39,771 - DEBUG - Precision: 0.9052631578947369
2024-02-20 11:00:39,771 - DEBUG - Recall: 0.40375586854460094
2024-02-20 11:00:39,771 - DEBUG - F1 Score: 0.5584415584415584
2024-02-20 11:00:39,781 - DEBUG - Epoch 2/10:
2024-02-20 11:00:39,781 - DEBUG - Loss: 48.40739059448242
2024-02-20 11:00:39,781 - DEBUG - Accuracy: 0.6766917293233082
2024-02-20 11:00:39,781 - DEBUG - Precision: 0.8620689655172413
2024-02-20 11:00:39,782 - DEBUG - Recall: 0.4694835680751174
2024-02-20 11:00:39,782 - DEBUG - F1 Score: 0.60790273556231
2024-02-20 11:00:39,789 - DEBUG - Epoch 3/10:
2024-02-20 11:00:39,789 - DEBUG - Loss: 40.96202087402344
2024-02-20 11:00:39,789 - DEBUG - Accuracy: 0.6716791979949874
2024-02-20 11:00:39,789 - DEBUG - Precision: 0.847457627118644
2024-02-20 11:00:39,789 - DEBUG - Recall: 0.4694835680751174
2024-02-20 11:00:39,789 - DEBUG - F1 Score: 0.6042296072507553
2024-02-20 11:00:39,797 - DEBUG - Epoch 4/10:
2024-02-20 11:00:39,797 - DEBUG - Loss: 31.969932556152344
2024-02-20 11:00:39,797 - DEBUG - Accuracy: 0.6616541353383458
2024-02-20 11:00:39,797 - DEBUG - Precision: 0.8305084745762712
2024-02-20 11:00:39,797 - DEBUG - Recall: 0.460093896713615
2024-02-20 11:00:39,797 - DEBUG - F1 Score: 0.5921450151057401
2024-02-20 11:00:39,804 - DEBUG - Epoch 5/10:
2024-02-20 11:00:39,804 - DEBUG - Loss: 21.799304962158203
2024-02-20 11:00:39,804 - DEBUG - Accuracy: 0.656641604010025
2024-02-20 11:00:39,804 - DEBUG - Precision: 0.8220338983050848
2024-02-20 11:00:39,804 - DEBUG - Recall: 0.45539906103286387
2024-02-20 11:00:39,805 - DEBUG - F1 Score: 0.5861027190332326
2024-02-20 11:00:39,812 - DEBUG - Epoch 6/10:
2024-02-20 11:00:39,812 - DEBUG - Loss: 17.33953285217285
2024-02-20 11:00:39,812 - DEBUG - Accuracy: 0.656641604010025
2024-02-20 11:00:39,812 - DEBUG - Precision: 0.8166666666666667
2024-02-20 11:00:39,812 - DEBUG - Recall: 0.460093896713615
2024-02-20 11:00:39,812 - DEBUG - F1 Score: 0.5885885885885885
2024-02-20 11:00:39,819 - DEBUG - Epoch 7/10:
2024-02-20 11:00:39,819 - DEBUG - Loss: 12.411487579345703
2024-02-20 11:00:39,819 - DEBUG - Accuracy: 0.6541353383458647
2024-02-20 11:00:39,819 - DEBUG - Precision: 0.8099173553719008
2024-02-20 11:00:39,819 - DEBUG - Recall: 0.460093896713615
2024-02-20 11:00:39,819 - DEBUG - F1 Score: 0.5868263473053892
2024-02-20 11:00:39,826 - DEBUG - Epoch 8/10:
2024-02-20 11:00:39,826 - DEBUG - Loss: 9.173725128173828
2024-02-20 11:00:39,826 - DEBUG - Accuracy: 0.6516290726817042
2024-02-20 11:00:39,826 - DEBUG - Precision: 0.8189655172413793
2024-02-20 11:00:39,826 - DEBUG - Recall: 0.4460093896713615
2024-02-20 11:00:39,826 - DEBUG - F1 Score: 0.5775075987841946
2024-02-20 11:00:39,832 - DEBUG - Epoch 9/10:
2024-02-20 11:00:39,833 - DEBUG - Loss: 6.808098316192627
2024-02-20 11:00:39,833 - DEBUG - Accuracy: 0.6541353383458647
2024-02-20 11:00:39,833 - DEBUG - Precision: 0.831858407079646
2024-02-20 11:00:39,833 - DEBUG - Recall: 0.4413145539906103
2024-02-20 11:00:39,833 - DEBUG - F1 Score: 0.5766871165644172
2024-02-20 11:00:39,839 - DEBUG - Epoch 10/10:
2024-02-20 11:00:39,839 - DEBUG - Loss: 5.928778648376465
2024-02-20 11:00:39,839 - DEBUG - Accuracy: 0.6666666666666666
2024-02-20 11:00:39,839 - DEBUG - Precision: 0.8636363636363636
2024-02-20 11:00:39,839 - DEBUG - Recall: 0.4460093896713615
2024-02-20 11:00:39,839 - DEBUG - F1 Score: 0.5882352941176471
2024-02-20 11:00:39,839 - DEBUG - learning rate 0.01, epoch 10 and dimension 2,Maximum accuracy of 67.67% at epoch 2
2024-02-20 11:00:39,839 - DEBUG - 发送本地训练结果至主节点……
2024-02-20 11:00:39,840 - DEBUG - 0.6767
2024-02-20 11:00:39,842 - DEBUG - Starting new HTTP connection (1): localhost:5000
2024-02-20 11:00:39,848 - DEBUG - http://localhost:5000 "POST /upload_model HTTP/1.1" 500 265
